# JRE version: Java(TM) SE Runtime Environment (8.0_251-b08) (build 1.8.0_251-b08)
# Java VM: Java HotSpot(TM) 64-Bit Server VM (25.251-b08 mixed mode windows-amd64 compressed oops)
Heap:
 PSYoungGen      total 70656K, used 7640K [0x00000000d6100000, 0x00000000dab00000, 0x0000000100000000)
  eden space 65536K, 3% used [0x00000000d6100000,0x00000000d6376dd0,0x00000000da100000)
  from space 5120K, 99% used [0x00000000da100000,0x00000000da5ff5b8,0x00000000da600000)
  to   space 5120K, 0% used [0x00000000da600000,0x00000000da600000,0x00000000dab00000)
 ParOldGen       total 68608K, used 47858K [0x0000000082200000, 0x0000000086500000, 0x00000000d6100000)
  object space 68608K, 69% used [0x0000000082200000,0x00000000850bc940,0x0000000086500000)
 Metaspace       used 26424K, capacity 27038K, committed 27264K, reserved 1073152K
  class space    used 3129K, capacity 3329K, committed 3456K, reserved 1048576K
GC Heap History (10 events):
Event: 6.032 GC heap before
{Heap before GC invocations=11 (full 1):
 PSYoungGen      total 70656K, used 70644K [0x00000000d6100000, 0x00000000dab00000, 0x0000000100000000)
  eden space 65536K, 100% used [0x00000000d6100000,0x00000000da100000,0x00000000da100000)
  from space 5120K, 99% used [0x00000000da100000,0x00000000da5fd380,0x00000000da600000)
  to   space 5120K, 0% used [0x00000000da600000,0x00000000da600000,0x00000000dab00000)
 ParOldGen       total 68608K, used 37822K [0x0000000082200000, 0x0000000086500000, 0x00000000d6100000)
  object space 68608K, 55% used [0x0000000082200000,0x00000000846ef800,0x0000000086500000)
 Metaspace       used 23874K, capacity 24400K, committed 24576K, reserved 1071104K
  class space    used 2803K, capacity 2960K, committed 3072K, reserved 1048576K
Event: 6.046 GC heap after
Heap after GC invocations=11 (full 1):
 PSYoungGen      total 70656K, used 5100K [0x00000000d6100000, 0x00000000dab00000, 0x0000000100000000)
  eden space 65536K, 0% used [0x00000000d6100000,0x00000000d6100000,0x00000000da100000)
  from space 5120K, 99% used [0x00000000da600000,0x00000000daafb120,0x00000000dab00000)
  to   space 5120K, 0% used [0x00000000da100000,0x00000000da100000,0x00000000da600000)
 ParOldGen       total 68608K, used 46679K [0x0000000082200000, 0x0000000086500000, 0x00000000d6100000)
  object space 68608K, 68% used [0x0000000082200000,0x0000000084f95c78,0x0000000086500000)
 Metaspace       used 23874K, capacity 24400K, committed 24576K, reserved 1071104K
  class space    used 2803K, capacity 2960K, committed 3072K, reserved 1048576K
}
Event: 6.277 GC heap before
{Heap before GC invocations=12 (full 1):
 PSYoungGen      total 70656K, used 70636K [0x00000000d6100000, 0x00000000dab00000, 0x0000000100000000)
  eden space 65536K, 100% used [0x00000000d6100000,0x00000000da100000,0x00000000da100000)
  from space 5120K, 99% used [0x00000000da600000,0x00000000daafb120,0x00000000dab00000)
  to   space 5120K, 0% used [0x00000000da100000,0x00000000da100000,0x00000000da600000)
 ParOldGen       total 68608K, used 46679K [0x0000000082200000, 0x0000000086500000, 0x00000000d6100000)
  object space 68608K, 68% used [0x0000000082200000,0x0000000084f95c78,0x0000000086500000)
 Metaspace       used 23876K, capacity 24400K, committed 24576K, reserved 1071104K
  class space    used 2803K, capacity 2960K, committed 3072K, reserved 1048576K
Event: 6.288 GC heap after
Heap after GC invocations=12 (full 1):
 PSYoungGen      total 70656K, used 5093K [0x00000000d6100000, 0x00000000dab00000, 0x0000000100000000)
  eden space 65536K, 0% used [0x00000000d6100000,0x00000000d6100000,0x00000000da100000)
  from space 5120K, 99% used [0x00000000da100000,0x00000000da5f9590,0x00000000da600000)
  to   space 5120K, 0% used [0x00000000da600000,0x00000000da600000,0x00000000dab00000)
 ParOldGen       total 68608K, used 55771K [0x0000000082200000, 0x0000000086500000, 0x00000000d6100000)
  object space 68608K, 81% used [0x0000000082200000,0x0000000085876fe8,0x0000000086500000)
 Metaspace       used 23876K, capacity 24400K, committed 24576K, reserved 1071104K
  class space    used 2803K, capacity 2960K, committed 3072K, reserved 1048576K
}
Event: 6.499 GC heap before
{Heap before GC invocations=13 (full 1):
 PSYoungGen      total 70656K, used 70629K [0x00000000d6100000, 0x00000000dab00000, 0x0000000100000000)
  eden space 65536K, 100% used [0x00000000d6100000,0x00000000da100000,0x00000000da100000)
  from space 5120K, 99% used [0x00000000da100000,0x00000000da5f9590,0x00000000da600000)
  to   space 5120K, 0% used [0x00000000da600000,0x00000000da600000,0x00000000dab00000)
 ParOldGen       total 68608K, used 55771K [0x0000000082200000, 0x0000000086500000, 0x00000000d6100000)
  object space 68608K, 81% used [0x0000000082200000,0x0000000085876fe8,0x0000000086500000)
 Metaspace       used 23876K, capacity 24400K, committed 24576K, reserved 1071104K
  class space    used 2803K, capacity 2960K, committed 3072K, reserved 1048576K
Event: 6.512 GC heap after
Heap after GC invocations=13 (full 1):
 PSYoungGen      total 70656K, used 5089K [0x00000000d6100000, 0x00000000dab00000, 0x0000000100000000)
  eden space 65536K, 0% used [0x00000000d6100000,0x00000000d6100000,0x00000000da100000)
  from space 5120K, 99% used [0x00000000da600000,0x00000000daaf85a8,0x00000000dab00000)
  to   space 5120K, 0% used [0x00000000da100000,0x00000000da100000,0x00000000da600000)
 ParOldGen       total 68608K, used 64944K [0x0000000082200000, 0x0000000086500000, 0x00000000d6100000)
  object space 68608K, 94% used [0x0000000082200000,0x000000008616c150,0x0000000086500000)
 Metaspace       used 23876K, capacity 24400K, committed 24576K, reserved 1071104K
  class space    used 2803K, capacity 2960K, committed 3072K, reserved 1048576K
}
Event: 6.512 GC heap before
{Heap before GC invocations=14 (full 2):
 PSYoungGen      total 70656K, used 5089K [0x00000000d6100000, 0x00000000dab00000, 0x0000000100000000)
  eden space 65536K, 0% used [0x00000000d6100000,0x00000000d6100000,0x00000000da100000)
  from space 5120K, 99% used [0x00000000da600000,0x00000000daaf85a8,0x00000000dab00000)
  to   space 5120K, 0% used [0x00000000da100000,0x00000000da100000,0x00000000da600000)
 ParOldGen       total 68608K, used 64944K [0x0000000082200000, 0x0000000086500000, 0x00000000d6100000)
  object space 68608K, 94% used [0x0000000082200000,0x000000008616c150,0x0000000086500000)
 Metaspace       used 23876K, capacity 24400K, committed 24576K, reserved 1071104K
  class space    used 2803K, capacity 2960K, committed 3072K, reserved 1048576K
Event: 6.622 GC heap after
Heap after GC invocations=14 (full 2):
 PSYoungGen      total 70656K, used 0K [0x00000000d6100000, 0x00000000dab00000, 0x0000000100000000)
  eden space 65536K, 0% used [0x00000000d6100000,0x00000000d6100000,0x00000000da100000)
  from space 5120K, 0% used [0x00000000da600000,0x00000000da600000,0x00000000dab00000)
  to   space 5120K, 0% used [0x00000000da100000,0x00000000da100000,0x00000000da600000)
 ParOldGen       total 68608K, used 43237K [0x0000000082200000, 0x0000000086500000, 0x00000000d6100000)
  object space 68608K, 63% used [0x0000000082200000,0x0000000084c39610,0x0000000086500000)
 Metaspace       used 23876K, capacity 24400K, committed 24576K, reserved 1071104K
  class space    used 2803K, capacity 2960K, committed 3072K, reserved 1048576K
}
Event: 11.492 GC heap before
{Heap before GC invocations=15 (full 2):
 PSYoungGen      total 70656K, used 65536K [0x00000000d6100000, 0x00000000dab00000, 0x0000000100000000)
  eden space 65536K, 100% used [0x00000000d6100000,0x00000000da100000,0x00000000da100000)
  from space 5120K, 0% used [0x00000000da600000,0x00000000da600000,0x00000000dab00000)
  to   space 5120K, 0% used [0x00000000da100000,0x00000000da100000,0x00000000da600000)
 ParOldGen       total 68608K, used 43237K [0x0000000082200000, 0x0000000086500000, 0x00000000d6100000)
  object space 68608K, 63% used [0x0000000082200000,0x0000000084c39610,0x0000000086500000)
 Metaspace       used 26066K, capacity 26718K, committed 26880K, reserved 1073152K
  class space    used 3061K, capacity 3265K, committed 3328K, reserved 1048576K
Event: 11.526 GC heap after
Heap after GC invocations=15 (full 2):
 PSYoungGen      total 70656K, used 5117K [0x00000000d6100000, 0x00000000dab00000, 0x0000000100000000)
  eden space 65536K, 0% used [0x00000000d6100000,0x00000000d6100000,0x00000000da100000)
  from space 5120K, 99% used [0x00000000da100000,0x00000000da5ff5b8,0x00000000da600000)
  to   space 5120K, 0% used [0x00000000da600000,0x00000000da600000,0x00000000dab00000)
 ParOldGen       total 68608K, used 47858K [0x0000000082200000, 0x0000000086500000, 0x00000000d6100000)
  object space 68608K, 69% used [0x0000000082200000,0x00000000850bc940,0x0000000086500000)
 Metaspace       used 26066K, capacity 26718K, committed 26880K, reserved 1073152K
  class space    used 3061K, capacity 3265K, committed 3328K, reserved 1048576K
}

