# JRE version: Java(TM) SE Runtime Environment (8.0_251-b08) (build 1.8.0_251-b08)
# Java VM: Java HotSpot(TM) 64-Bit Server VM (25.251-b08 mixed mode windows-amd64 compressed oops)
Heap:
 PSYoungGen      total 70656K, used 40634K [0x00000000d6100000, 0x00000000dab00000, 0x0000000100000000)
  eden space 65536K, 54% used [0x00000000d6100000,0x00000000d83b4a88,0x00000000da100000)
  from space 5120K, 99% used [0x00000000da600000,0x00000000daaf9fd0,0x00000000dab00000)
  to   space 5120K, 0% used [0x00000000da100000,0x00000000da100000,0x00000000da600000)
 ParOldGen       total 69632K, used 50193K [0x0000000082200000, 0x0000000086600000, 0x00000000d6100000)
  object space 69632K, 72% used [0x0000000082200000,0x0000000085304478,0x0000000086600000)
 Metaspace       used 23889K, capacity 24400K, committed 24576K, reserved 1071104K
  class space    used 2804K, capacity 2960K, committed 3072K, reserved 1048576K
GC Heap History (10 events):
Event: 4.219 GC heap before
{Heap before GC invocations=7 (full 1):
 PSYoungGen      total 70656K, used 5089K [0x00000000d6100000, 0x00000000dab00000, 0x0000000100000000)
  eden space 65536K, 0% used [0x00000000d6100000,0x00000000d6100000,0x00000000da100000)
  from space 5120K, 99% used [0x00000000da600000,0x00000000daaf8450,0x00000000dab00000)
  to   space 5120K, 0% used [0x00000000da100000,0x00000000da100000,0x00000000da600000)
 ParOldGen       total 86016K, used 15411K [0x0000000082200000, 0x0000000087600000, 0x00000000d6100000)
  object space 86016K, 17% used [0x0000000082200000,0x000000008310cdd8,0x0000000087600000)
 Metaspace       used 20674K, capacity 21138K, committed 21296K, reserved 1069056K
  class space    used 2451K, capacity 2619K, committed 2688K, reserved 1048576K
Event: 4.297 GC heap after
Heap after GC invocations=7 (full 1):
 PSYoungGen      total 70656K, used 0K [0x00000000d6100000, 0x00000000dab00000, 0x0000000100000000)
  eden space 65536K, 0% used [0x00000000d6100000,0x00000000d6100000,0x00000000da100000)
  from space 5120K, 0% used [0x00000000da600000,0x00000000da600000,0x00000000dab00000)
  to   space 5120K, 0% used [0x00000000da100000,0x00000000da100000,0x00000000da600000)
 ParOldGen       total 69632K, used 13720K [0x0000000082200000, 0x0000000086600000, 0x00000000d6100000)
  object space 69632K, 19% used [0x0000000082200000,0x0000000082f66278,0x0000000086600000)
 Metaspace       used 20674K, capacity 21138K, committed 21296K, reserved 1069056K
  class space    used 2451K, capacity 2619K, committed 2688K, reserved 1048576K
}
Event: 5.021 GC heap before
{Heap before GC invocations=8 (full 1):
 PSYoungGen      total 70656K, used 65536K [0x00000000d6100000, 0x00000000dab00000, 0x0000000100000000)
  eden space 65536K, 100% used [0x00000000d6100000,0x00000000da100000,0x00000000da100000)
  from space 5120K, 0% used [0x00000000da600000,0x00000000da600000,0x00000000dab00000)
  to   space 5120K, 0% used [0x00000000da100000,0x00000000da100000,0x00000000da600000)
 ParOldGen       total 69632K, used 13720K [0x0000000082200000, 0x0000000086600000, 0x00000000d6100000)
  object space 69632K, 19% used [0x0000000082200000,0x0000000082f66278,0x0000000086600000)
 Metaspace       used 23834K, capacity 24400K, committed 24576K, reserved 1071104K
  class space    used 2802K, capacity 2960K, committed 3072K, reserved 1048576K
Event: 5.032 GC heap after
Heap after GC invocations=8 (full 1):
 PSYoungGen      total 70656K, used 5118K [0x00000000d6100000, 0x00000000dab00000, 0x0000000100000000)
  eden space 65536K, 0% used [0x00000000d6100000,0x00000000d6100000,0x00000000da100000)
  from space 5120K, 99% used [0x00000000da100000,0x00000000da5ffb60,0x00000000da600000)
  to   space 5120K, 0% used [0x00000000da600000,0x00000000da600000,0x00000000dab00000)
 ParOldGen       total 69632K, used 19723K [0x0000000082200000, 0x0000000086600000, 0x00000000d6100000)
  object space 69632K, 28% used [0x0000000082200000,0x0000000083542e88,0x0000000086600000)
 Metaspace       used 23834K, capacity 24400K, committed 24576K, reserved 1071104K
  class space    used 2802K, capacity 2960K, committed 3072K, reserved 1048576K
}
Event: 5.333 GC heap before
{Heap before GC invocations=9 (full 1):
 PSYoungGen      total 70656K, used 70654K [0x00000000d6100000, 0x00000000dab00000, 0x0000000100000000)
  eden space 65536K, 100% used [0x00000000d6100000,0x00000000da100000,0x00000000da100000)
  from space 5120K, 99% used [0x00000000da100000,0x00000000da5ffb60,0x00000000da600000)
  to   space 5120K, 0% used [0x00000000da600000,0x00000000da600000,0x00000000dab00000)
 ParOldGen       total 69632K, used 19723K [0x0000000082200000, 0x0000000086600000, 0x00000000d6100000)
  object space 69632K, 28% used [0x0000000082200000,0x0000000083542e88,0x0000000086600000)
 Metaspace       used 23871K, capacity 24400K, committed 24576K, reserved 1071104K
  class space    used 2802K, capacity 2960K, committed 3072K, reserved 1048576K
Event: 5.347 GC heap after
Heap after GC invocations=9 (full 1):
 PSYoungGen      total 70656K, used 5120K [0x00000000d6100000, 0x00000000dab00000, 0x0000000100000000)
  eden space 65536K, 0% used [0x00000000d6100000,0x00000000d6100000,0x00000000da100000)
  from space 5120K, 100% used [0x00000000da600000,0x00000000dab00000,0x00000000dab00000)
  to   space 5120K, 0% used [0x00000000da100000,0x00000000da100000,0x00000000da600000)
 ParOldGen       total 69632K, used 30686K [0x0000000082200000, 0x0000000086600000, 0x00000000d6100000)
  object space 69632K, 44% used [0x0000000082200000,0x0000000083ff7a78,0x0000000086600000)
 Metaspace       used 23871K, capacity 24400K, committed 24576K, reserved 1071104K
  class space    used 2802K, capacity 2960K, committed 3072K, reserved 1048576K
}
Event: 5.632 GC heap before
{Heap before GC invocations=10 (full 1):
 PSYoungGen      total 70656K, used 70656K [0x00000000d6100000, 0x00000000dab00000, 0x0000000100000000)
  eden space 65536K, 100% used [0x00000000d6100000,0x00000000da100000,0x00000000da100000)
  from space 5120K, 100% used [0x00000000da600000,0x00000000dab00000,0x00000000dab00000)
  to   space 5120K, 0% used [0x00000000da100000,0x00000000da100000,0x00000000da600000)
 ParOldGen       total 69632K, used 30686K [0x0000000082200000, 0x0000000086600000, 0x00000000d6100000)
  object space 69632K, 44% used [0x0000000082200000,0x0000000083ff7a78,0x0000000086600000)
 Metaspace       used 23877K, capacity 24400K, committed 24576K, reserved 1071104K
  class space    used 2802K, capacity 2960K, committed 3072K, reserved 1048576K
Event: 5.648 GC heap after
Heap after GC invocations=10 (full 1):
 PSYoungGen      total 70656K, used 5088K [0x00000000d6100000, 0x00000000dab00000, 0x0000000100000000)
  eden space 65536K, 0% used [0x00000000d6100000,0x00000000d6100000,0x00000000da100000)
  from space 5120K, 99% used [0x00000000da100000,0x00000000da5f8010,0x00000000da600000)
  to   space 5120K, 0% used [0x00000000da600000,0x00000000da600000,0x00000000dab00000)
 ParOldGen       total 69632K, used 40393K [0x0000000082200000, 0x0000000086600000, 0x00000000d6100000)
  object space 69632K, 58% used [0x0000000082200000,0x0000000084972690,0x0000000086600000)
 Metaspace       used 23877K, capacity 24400K, committed 24576K, reserved 1071104K
  class space    used 2802K, capacity 2960K, committed 3072K, reserved 1048576K
}
Event: 5.868 GC heap before
{Heap before GC invocations=11 (full 1):
 PSYoungGen      total 70656K, used 70624K [0x00000000d6100000, 0x00000000dab00000, 0x0000000100000000)
  eden space 65536K, 100% used [0x00000000d6100000,0x00000000da100000,0x00000000da100000)
  from space 5120K, 99% used [0x00000000da100000,0x00000000da5f8010,0x00000000da600000)
  to   space 5120K, 0% used [0x00000000da600000,0x00000000da600000,0x00000000dab00000)
 ParOldGen       total 69632K, used 40393K [0x0000000082200000, 0x0000000086600000, 0x00000000d6100000)
  object space 69632K, 58% used [0x0000000082200000,0x0000000084972690,0x0000000086600000)
 Metaspace       used 23877K, capacity 24400K, committed 24576K, reserved 1071104K
  class space    used 2802K, capacity 2960K, committed 3072K, reserved 1048576K
Event: 5.882 GC heap after
Heap after GC invocations=11 (full 1):
 PSYoungGen      total 70656K, used 5095K [0x00000000d6100000, 0x00000000dab00000, 0x0000000100000000)
  eden space 65536K, 0% used [0x00000000d6100000,0x00000000d6100000,0x00000000da100000)
  from space 5120K, 99% used [0x00000000da600000,0x00000000daaf9fd0,0x00000000dab00000)
  to   space 5120K, 0% used [0x00000000da100000,0x00000000da100000,0x00000000da600000)
 ParOldGen       total 69632K, used 50193K [0x0000000082200000, 0x0000000086600000, 0x00000000d6100000)
  object space 69632K, 72% used [0x0000000082200000,0x0000000085304478,0x0000000086600000)
 Metaspace       used 23877K, capacity 24400K, committed 24576K, reserved 1071104K
  class space    used 2802K, capacity 2960K, committed 3072K, reserved 1048576K
}

